#
# There is insufficient memory for the Java Runtime Environment to continue.
# Native memory allocation (malloc) failed to allocate 1048576 bytes for AllocateHeap
# Possible reasons:
#   The system is out of physical RAM or swap space
#   In 32 bit mode, the process size limit was hit
# Possible solutions:
#   Reduce memory load on the system
#   Increase physical memory or swap space
#   Check if swap backing store is full
#   Use 64 bit Java on a 64 bit OS
#   Decrease Java heap size (-Xmx/-Xms)
#   Decrease number of Java threads
#   Decrease Java thread stack sizes (-Xss)
#   Set larger code cache with -XX:ReservedCodeCacheSize=
# This output file may be truncated or incomplete.
#
#  Out of Memory Error (memory/allocation.inline.hpp:61), pid=24332, tid=0x00000000000007fc
#
# JRE version:  (8.0) (build )
# Java VM: OpenJDK 64-Bit Server VM (25.71-b00 mixed mode windows-amd64 compressed oops)
# Failed to write core dump. Minidumps are not enabled by default on client versions of Windows
#

---------------  T H R E A D  ---------------

Current thread (0x00000000031c4800):  JavaThread "Unknown thread" [_thread_in_vm, id=2044, stack(0x0000000002fd0000,0x00000000030d0000)]

Stack: [0x0000000002fd0000,0x00000000030d0000]
[error occurred during error reporting (printing stack bounds), id 0xc0000005]

Native frames: (J=compiled Java code, j=interpreted, Vv=VM code, C=native code)


---------------  P R O C E S S  ---------------

Java Threads: ( => current thread )

Other Threads:

=>0x00000000031c4800 (exited) JavaThread "Unknown thread" [_thread_in_vm, id=2044, stack(0x0000000002fd0000,0x00000000030d0000)]

VM state:not at safepoint (normal execution)

VM Mutex/Monitor currently owned by a thread: None

Heap:
 PSYoungGen      total 75776K, used 1300K [0x000000076b580000, 0x0000000770a00000, 0x00000007c0000000)
  eden space 65024K, 2% used [0x000000076b580000,0x000000076b6c51f8,0x000000076f500000)
  from space 10752K, 0% used [0x000000076ff80000,0x000000076ff80000,0x0000000770a00000)
  to   space 10752K, 0% used [0x000000076f500000,0x000000076f500000,0x000000076ff80000)
 ParOldGen       total 173568K, used 0K [0x00000006c2000000, 0x00000006cc980000, 0x000000076b580000)
  object space 173568K, 0% used [0x00000006c2000000,0x00000006c2000000,0x00000006cc980000)
 Metaspace       used 777K, capacity 4480K, committed 4480K, reserved 1056768K
  class space    used 74K, capacity 384K, committed 384K, reserved 1048576K

Card table byte_map: [0x0000000012680000,0x0000000012e80000] byte_map_base: 0x000000000f070000

Marking Bits: (ParMarkBitMap*) 0x0000000064fcbe50
 Begin Bits: [0x00000000137d0000, 0x0000000017750000)
 End Bits:   [0x0000000017750000, 0x000000001b6d0000)

Polling page: 0x0000000000eb0000

CodeCache: size=245760Kb used=328Kb max_used=328Kb free=245431Kb
 bounds [0x00000000032c0000, 0x0000000003530000, 0x00000000122c0000]
 total_blobs=57 nmethods=0 adapters=38
 compilation: enabled

Compilation events (0 events):
No events

GC Heap History (0 events):
No events

Deoptimization events (0 events):
No events

Classes redefined (0 events):
No events

Internal exceptions (0 events):
No events

Events (10 events):
Event: 0.025 loading class java/lang/Short
Event: 0.025 loading class java/lang/Short done
Event: 0.025 loading class java/lang/Integer
Event: 0.025 loading class java/lang/Integer done
Event: 0.025 loading class java/lang/Long
Event: 0.025 loading class java/lang/Long done
Event: 0.026 loading class java/lang/NullPointerException
Event: 0.026 loading class java/lang/NullPointerException done
Event: 0.026 loading class java/lang/ArithmeticException
Event: 0.026 loading class java/lang/ArithmeticException done


Dynamic libraries:
0x00007ff7052e0000 - 0x00007ff705315000 	D:\TCMXX\Tools\Unity\2018.3.1f1\Editor\Data\PlaybackEngines\AndroidPlayer\Tools\OpenJDK\Windows\bin\java.exe
0x00007ff9eccf0000 - 0x00007ff9eced1000 	C:\WINDOWS\SYSTEM32\ntdll.dll
0x00007ff9ec5d0000 - 0x00007ff9ec682000 	C:\WINDOWS\System32\KERNEL32.DLL
0x00007ff9e93a0000 - 0x00007ff9e9613000 	C:\WINDOWS\System32\KERNELBASE.dll
0x00007ff9ec690000 - 0x00007ff9ec731000 	C:\WINDOWS\System32\ADVAPI32.dll
0x00007ff9ec940000 - 0x00007ff9ec9de000 	C:\WINDOWS\System32\msvcrt.dll
0x00007ff9ec500000 - 0x00007ff9ec55b000 	C:\WINDOWS\System32\sechost.dll
0x00007ff9ea210000 - 0x00007ff9ea334000 	C:\WINDOWS\System32\RPCRT4.dll
0x00007ff9ec360000 - 0x00007ff9ec4f0000 	C:\WINDOWS\System32\USER32.dll
0x00007ff9e96c0000 - 0x00007ff9e96e0000 	C:\WINDOWS\System32\win32u.dll
0x00007ff9ea1e0000 - 0x00007ff9ea208000 	C:\WINDOWS\System32\GDI32.dll
0x00007ff9e9df0000 - 0x00007ff9e9f82000 	C:\WINDOWS\System32\gdi32full.dll
0x00007ff9e9620000 - 0x00007ff9e96bf000 	C:\WINDOWS\System32\msvcp_win.dll
0x00007ff9e9120000 - 0x00007ff9e921a000 	C:\WINDOWS\System32\ucrtbase.dll
0x00007ff9d8970000 - 0x00007ff9d8bd9000 	C:\WINDOWS\WinSxS\amd64_microsoft.windows.common-controls_6595b64144ccf1df_6.0.17134.285_none_fb4297e330656775\COMCTL32.dll
0x00007ff9eb830000 - 0x00007ff9ebb53000 	C:\WINDOWS\System32\combase.dll
0x00007ff9e9320000 - 0x00007ff9e939a000 	C:\WINDOWS\System32\bcryptPrimitives.dll
0x00007ff9ecaf0000 - 0x00007ff9ecb1d000 	C:\WINDOWS\System32\IMM32.DLL
0x0000000065050000 - 0x0000000065122000 	D:\TCMXX\Tools\Unity\2018.3.1f1\Editor\Data\PlaybackEngines\AndroidPlayer\Tools\OpenJDK\Windows\jre\bin\msvcr100.dll
0x0000000064800000 - 0x0000000065049000 	D:\TCMXX\Tools\Unity\2018.3.1f1\Editor\Data\PlaybackEngines\AndroidPlayer\Tools\OpenJDK\Windows\jre\bin\server\jvm.dll
0x00007ff9ec4f0000 - 0x00007ff9ec4f8000 	C:\WINDOWS\System32\PSAPI.DLL
0x00007ff9e7860000 - 0x00007ff9e7869000 	C:\WINDOWS\SYSTEM32\WSOCK32.dll
0x00007ff9e2db0000 - 0x00007ff9e2dd3000 	C:\WINDOWS\SYSTEM32\WINMM.dll
0x00007ff9ec560000 - 0x00007ff9ec5cc000 	C:\WINDOWS\System32\WS2_32.dll
0x00007ff9e1480000 - 0x00007ff9e148a000 	C:\WINDOWS\SYSTEM32\VERSION.dll
0x00007ff9e2d80000 - 0x00007ff9e2daa000 	C:\WINDOWS\SYSTEM32\winmmbase.dll
0x00007ff9e92d0000 - 0x00007ff9e9319000 	C:\WINDOWS\System32\cfgmgr32.dll
0x00007ff9e6d10000 - 0x00007ff9e6d1f000 	D:\TCMXX\Tools\Unity\2018.3.1f1\Editor\Data\PlaybackEngines\AndroidPlayer\Tools\OpenJDK\Windows\jre\bin\verify.dll
0x00007ff9c9cc0000 - 0x00007ff9c9ce9000 	D:\TCMXX\Tools\Unity\2018.3.1f1\Editor\Data\PlaybackEngines\AndroidPlayer\Tools\OpenJDK\Windows\jre\bin\java.dll
0x00007ff9e25e0000 - 0x00007ff9e25f6000 	D:\TCMXX\Tools\Unity\2018.3.1f1\Editor\Data\PlaybackEngines\AndroidPlayer\Tools\OpenJDK\Windows\jre\bin\zip.dll

VM Arguments:
jvm_args: -Dcom.android.sdkmanager.toolsdir=D:\TCMXX\Tools\AndroidSDK\tools\bin\\.. 
java_command: com.android.sdklib.tool.AvdManagerCli list target -c
java_class_path (initial): D:\TCMXX\Tools\AndroidSDK\tools\bin\..\lib\dvlib-26.0.0-dev.jar;D:\TCMXX\Tools\AndroidSDK\tools\bin\..\lib\jimfs-1.1.jar;D:\TCMXX\Tools\AndroidSDK\tools\bin\..\lib\jsr305-1.3.9.jar;D:\TCMXX\Tools\AndroidSDK\tools\bin\..\lib\repository-26.0.0-dev.jar;D:\TCMXX\Tools\AndroidSDK\tools\bin\..\lib\j2objc-annotations-1.1.jar;D:\TCMXX\Tools\AndroidSDK\tools\bin\..\lib\layoutlib-api-26.0.0-dev.jar;D:\TCMXX\Tools\AndroidSDK\tools\bin\..\lib\gson-2.3.jar;D:\TCMXX\Tools\AndroidSDK\tools\bin\..\lib\httpcore-4.2.5.jar;D:\TCMXX\Tools\AndroidSDK\tools\bin\..\lib\commons-logging-1.1.1.jar;D:\TCMXX\Tools\AndroidSDK\tools\bin\..\lib\commons-compress-1.12.jar;D:\TCMXX\Tools\AndroidSDK\tools\bin\..\lib\annotations-26.0.0-dev.jar;D:\TCMXX\Tools\AndroidSDK\tools\bin\..\lib\error_prone_annotations-2.0.18.jar;D:\TCMXX\Tools\AndroidSDK\tools\bin\..\lib\animal-sniffer-annotations-1.14.jar;D:\TCMXX\Tools\AndroidSDK\tools\bin\..\lib\httpclient-4.2.6.jar;D:\TCMXX\Tools\AndroidSDK\tools\bin\..\lib\commons-codec-1.6.jar;D:\TCMXX\Tools\AndroidSDK\tools\bin\..\lib\common-26.0.0-dev.jar;D:\TCMXX\Tools\AndroidSDK\tools\bin\..\lib\kxml2-2.3.0.jar;D:\TCMXX\Tools\AndroidSDK\tools\bin\..\lib\httpmime-4.1.jar;D:\TCMXX\Tools\AndroidSDK\tools\bin\..\lib\annotations-12.0.jar;D:\TCMXX\Tools\AndroidSDK\tools\bin\..\lib\sdklib-26.0.0-dev.jar;D:\TCMXX\Tools\AndroidSDK\tools\bin\..\lib\guava-22.0.jar
Launcher Type: SUN_STANDARD

Environment Variables:
JAVA_HOME=D:\TCMXX\Tools\Unity\2018.3.1f1\Editor\Data\PlaybackEngines\AndroidPlayer/Tools\OpenJDK\Windows
CLASSPATH=D:\TCMXX\Tools\AndroidSDK\tools\bin\..\lib\dvlib-26.0.0-dev.jar;D:\TCMXX\Tools\AndroidSDK\tools\bin\..\lib\jimfs-1.1.jar;D:\TCMXX\Tools\AndroidSDK\tools\bin\..\lib\jsr305-1.3.9.jar;D:\TCMXX\Tools\AndroidSDK\tools\bin\..\lib\repository-26.0.0-dev.jar;D:\TCMXX\Tools\AndroidSDK\tools\bin\..\lib\j2objc-annotations-1.1.jar;D:\TCMXX\Tools\AndroidSDK\tools\bin\..\lib\layoutlib-api-26.0.0-dev.jar;D:\TCMXX\Tools\AndroidSDK\tools\bin\..\lib\gson-2.3.jar;D:\TCMXX\Tools\AndroidSDK\tools\bin\..\lib\httpcore-4.2.5.jar;D:\TCMXX\Tools\AndroidSDK\tools\bin\..\lib\commons-logging-1.1.1.jar;D:\TCMXX\Tools\AndroidSDK\tools\bin\..\lib\commons-compress-1.12.jar;D:\TCMXX\Tools\AndroidSDK\tools\bin\..\lib\annotations-26.0.0-dev.jar;D:\TCMXX\Tools\AndroidSDK\tools\bin\..\lib\error_prone_annotations-2.0.18.jar;D:\TCMXX\Tools\AndroidSDK\tools\bin\..\lib\animal-sniffer-annotations-1.14.jar;D:\TCMXX\Tools\AndroidSDK\tools\bin\..\lib\httpclient-4.2.6.jar;D:\TCMXX\Tools\AndroidSDK\tools\bin\..\lib\commons-codec-1.6.jar;D:\TCMXX\Tools\AndroidSDK\tools\bin\..\lib\common-26.0.0-dev.jar;D:\TCMXX\Tools\AndroidSDK\tools\bin\..\lib\kxml2-2.3.0.jar;D:\TCMXX\Tools\AndroidSDK\tools\bin\..\lib\httpmime-4.1.jar;D:\TCMXX\Tools\AndroidSDK\tools\bin\..\lib\annotations-12.0.jar;D:\TCMXX\Tools\AndroidSDK\tools\bin\..\lib\sdklib-26.0.0-dev.jar;D:\TCMXX\Tools\AndroidSDK\tools\bin\..\lib\guava-22.0.jar
USERNAME=tcmxx
OS=Windows_NT
PROCESSOR_IDENTIFIER=Intel64 Family 6 Model 94 Stepping 3, GenuineIntel



---------------  S Y S T E M  ---------------

OS: Windows 10.0 , 64 bit Build 17134 (10.0.17134.1)

CPU:total 4 (initial active 4) (4 cores per cpu, 1 threads per core) family 6 model 94 stepping 3, cmov, cx8, fxsr, mmx, sse, sse2, sse3, ssse3, sse4.1, sse4.2, popcnt, avx, avx2, aes, clmul, erms, rtm, 3dnowpref, lzcnt, tsc, tscinvbit, bmi1, bmi2, adx

Memory: 4k page, physical 16642448k(4293348k free), swap 19639696k(5412k free)

vm_info: OpenJDK 64-Bit Server VM (25.71-b00) for windows-amd64 JRE (1.8.0-adoptopenjdk-_2018_05_19_00_59-b00), built on May 19 2018 01:02:12 by "jenkins" with MS VC++ 10.0 (VS2010)

time: Thu Feb 28 00:01:59 2019
elapsed time: 0 seconds (0d 0h 0m 0s)

